<?xml version="1.0" encoding="UTF-8"?>
<!-- Generated by org.testng.reporters.JUnitReportReporter -->
<testsuite hostname="LAPTOP-VUPTS4LP" failures="0" tests="1" name="com.feescheduler.qa.homepagetestcases.HomePageNavigateFSTest" time="55.822" errors="0" timestamp="2021-07-14T00:29:13 IST" skipped="0">
  <testcase classname="com.feescheduler.qa.homepagetestcases.HomePageNavigateFSTest" name="navigateToFeeSchedulerTest" time="55.822"/>
  <system-out/>
</testsuite> <!-- com.feescheduler.qa.homepagetestcases.HomePageNavigateFSTest -->
