<?xml version="1.0" encoding="UTF-8"?>
<!-- Generated by org.testng.reporters.JUnitReportReporter -->
<testsuite hostname="LAPTOP-VUPTS4LP" failures="0" tests="1" name="com.feescheduler.qa.feeschedulertestcases.CreateNewFeeSchedulerTest" time="102.934" errors="0" timestamp="2021-07-16T20:18:38 IST" skipped="0">
  <testcase classname="com.feescheduler.qa.feeschedulertestcases.CreateNewFeeSchedulerTest" name="createNewFeeSchedulerTest" time="102.934"/>
  <system-out/>
</testsuite> <!-- com.feescheduler.qa.feeschedulertestcases.CreateNewFeeSchedulerTest -->
