<?xml version="1.0" encoding="UTF-8"?>
<!-- Generated by org.testng.reporters.JUnitReportReporter -->
<testsuite hostname="LAPTOP-VUPTS4LP" failures="0" tests="1" name="com.feescheduler.qa.homepagetestcases.HomePageNavigateFSTest" time="60.639" errors="0" timestamp="2021-07-16T20:44:25 IST" skipped="0">
  <testcase classname="com.feescheduler.qa.homepagetestcases.HomePageNavigateFSTest" name="navigateToFeeSchedulerTest" time="60.639"/>
  <system-out/>
</testsuite> <!-- com.feescheduler.qa.homepagetestcases.HomePageNavigateFSTest -->
