<?xml version="1.0" encoding="UTF-8"?>
<!-- Generated by org.testng.reporters.JUnitReportReporter -->
<testsuite hostname="LAPTOP-VUPTS4LP" failures="0" tests="1" name="com.feescheduler.qa.feeschedulertestcases.CreateNewFeeSchedulewithPositiveDataTest" time="113.003" errors="0" timestamp="2021-07-14T14:48:55 IST" skipped="0">
  <testcase classname="com.feescheduler.qa.feeschedulertestcases.CreateNewFeeSchedulewithPositiveDataTest" name="createNewFeeSchedulerTest" time="113.003"/>
  <system-out/>
</testsuite> <!-- com.feescheduler.qa.feeschedulertestcases.CreateNewFeeSchedulewithPositiveDataTest -->
